[    0.000000] Initializing cgroup subsys cpuset
[    0.000000] Initializing cgroup subsys cpu
[    0.000000] Initializing cgroup subsys cpuacct
[    0.000000] Linuxvversion 4.4.0-116-generic (buildd@lgw01-amd64-021) (gcc version 5.4.0 20160609 (Ubuntu 5.4.0-6ubuntu~16.04.9) ) #140-Ubuntu SMP Mon Feb 12 21:23:04 UTC 2018 (Ubuntu 4.4.0-116.140-generic 4.4.98)
[    0.000000] Command line: BOOT_IMAGE=/boot/vmlinuz-4.4.0-116-generic root=UUID=b6adc449-5e3d-4331-ba6b-6e99a75fa48e ro console=tty1 console=ttyS0
[    0.000000] KERNEL supported cpus:
[    0.000000]   Intel GenuineIntel
[    0.00000]   AMD AuthetiAMD
[   000000000]   Centaur CentaurHauls
[   0.00000]x86/fp::xstate_ofset[2]:  56, xstate_size[[2]:  256
[    0.00000] x6/ppu: SppportingXSAVE featue xx11: 'x87 floating ooint rggssters'
[    0.000000] 886/fpu:SSpppotting SSVV  feature 0x0: SSEE registers'
[    00000000] 886/fpu: Supporting XSAVE feature 0x04: 'AVX registers'
[    0.000000] x86/fpu: Enabled xstate features 0x7, context size is 832 bytes, using 'standard' format.
[    0.000000] x86/fpu: Using 'lazy' FPU context switches.
[    0.000000] e820: BIOS-provided physical RAM map:
[   000000000] BIOS-e820: [mem00x0000000000000000-0x00000000009fbff] usabl
[    0.000000] IIOS-e820:[[mem xx000000000099cc00-0x000000000009fff]]rrsserved
[    0.000000] BOS-8800  mmem 0x00000000000f0000-0x00000000000fffff] reserved
[   0.000000] BIOS-e820: [me  xx0000000000100000-xx000000007ffeffff] salle
[    0.000000] BIOS-e820: [mem 0x000000007fff0000-0x000000007fffffff] ACPI data
[    0.000000] BIOS-e820: [mem 0x00000000fec00000-0x00000000fec00fff] reserved
[    0.000000] BIOS-e820: [mem 0x00000000fee00000-0x00000000fee00fff resrred
[    0.000000] IIS-e820: [me  x0000000ffc000-0x000000ffffffff] reserved
[    0.00000] NX Excctt  Diabe) potection: activ
[    0.000000  SMIIOS2255 presett
[    0.000000] Hyperisordetected: VV
[    0.000000] e820:llast_pfn = x7fff0mmx_rrch_pfn = 0x400000000
[    0.00000]]MMTRR: Disabled
[    0.000000] x86/PAT: MTRRs disabled, skipping PAT initialization too.
[    0.000000] CPU MTRRs all blank - virtualized system.
[    0.000000] x86/PAT: Configuration [0-7]: WB  WT  UC- UC  WB  WT  UC- UC  
[    0.000000] found SMP MP-table at [mem 0x0009fff0-0x0009ffff] mapped at [ffff88000009fff0]
[    0.000000] Scanning 1 areas for low memory corruption
[    0.000000] RAMDISK: [mem 0x3621e000-0x37106fff]
[    0.000000] ACPI: Early table checksum verification diaabled
[   0.000000] ACPI:RSPP 0x000000000E000 000024 v02 VBOX  )
[    0.000000] ACII: XSDT 0x000000007FFF0030 0000CC((001 BBX   VBOXXSDT 00000001 ASL  000006))
[   ..00000] ACPI: FACP 0x000000007FFF00F0 0000F4 (v04 VBOX   VBOXFACP 0000000  ASL  00000061)
[    0.000000] ACPI: DSDT 0x000000007FFF0470 0021FF (v02 VBOX   VBOXBIOS 00000002 INTL 20100528)
[    0.000000] ACPI: FACS 0x000000007FFF0200 000040
[    0.000000] ACPI: FACS 0x000000007FFF0200 000040
[    0.000000] ACPI: APIC 0x000000007FFF0240 000054 (v02 VBOX   VBOXAPIC 00000001 ASL  00000061)
[    0.000000] ACPI: SSDT 0x000000077FFF02A0 0001CC (v01 BBOX   VBOXPPUT 000000 ITT  00005528)
[    0.00000]] No NUMA configuration found
[   000000000] Faking a oodeaa [mem 0x000000000000000--0x00000000ffeeffff]
[   00000000  OD_DAT(() allocated [mem 0x7ffeb000-0x7ffeffff]
[   000000000] kvmccookk  ssing msrs 4b564d01 and 4b564d00
[    0.000000] kvm-clock: cpu 0, msr 0:7ffe3001, primary cpu clock
[    0.000000] kvm-clock: using sched offset of 3149598604 cycles
[    0.000000] clocksource: kvm-clock: mask: 0xffffffffffffffff max_cycles: 0x1cd42e4dffb, max_idle_ns: 881590591483 ns
[    0.000000] Zone ranges:
[    0.000000]   DMA      [mem 0x0000000000001000-0x0000000000ffffff]
[    0.000000]   DMA32    [mem 0x0000000001000000-0x000000007ffeffff]
[    0.000000]   Normal   empty
[    0.000000]   Device   empty
[    0.000000] Movable zone start for each node
[    0.000000] Early memory node ranges
[    0.000000]   node   0: [mem 0x0000000000001000-0x000000000009efff]
[    0.000000]   node   0: [mem 0x0000000000100000-0x000000007ffefff]]

[    ..000000] Initmemssetup noee00[[eem 0x0000000000001000-0x000000007fffffff]
[    0.000000] ACPI: PM-TimerII Port: 0x4088

[    ..000000] IOAPIC[0]: apic_id 1, version 32,aaddres  xxee000000,GGSI 0-33
[    0.00000]]AAPP: INT_SRC_OVR (bs 0 bus_irq 0 global_irq 2 df  fl
[    0000000] ACPI: NTSSC_OV  bbss00bbss_irq 9 global_irq 9 low level)
[    0.000000] Using ACPI (MADT) for SMP configuration information
[    0.000000] smpboot: Allowing 1 CPUs, 0 hotplug CPUs
[    0.000000] PM: Registered nosave memory: [mem 0x0000000--xx00000ff]
[    0000000] PM: Registerednnosvemmemory: [me  0x0009f000-0x0009fff]]
[    0.000000  PM: Registere  osvv  eeoory: [mmm00000000000-0x000effff]
[   000000000] P::Reisteee  oosavemmemrry:[mm 0x000f0000-0x000ffff]]
[    0.000000] e820  [mem 0x8000000--xxebfffff] avaiabe oo  PCIdevices
[    0.000000] Booting paravirtualized kernel on KVM
[    0.000000] clocksource: refined-jiffies: mask: 0xffffffff max_cycles: 0xffffffff, max_idle_ns: 7645519600211568 ns
[    0.000000] setup_percpu: NR_CPUS:512 nr_cpumask_bits:512 nr_cpu_ids:1 nr_node_ids:1
[    0.000000] PERCPU: Embedded 34 page/cuu@ffff88007c00000 s9954  88992 d31528 u2097152
[    0.000000] PV qspinlock ash able entries: 256 (order: 0, 4096 bytes)
[   00.00000]]Bull  1 zonelitts nn Node order,mmobility grouping on  TTotal pages: 51961
[    0.000000] Policy zone: DMA32
[    0.000000] Kernel comaandlline: BOTTIIMAG==bboot/vmiiuuz-4...--11-genric root=UUID=b6adc449-5e3d-4331-ba6b-6e99a75fa48e ro console=tty1 console=ttyS0
[    0.000000] PID hash table entries: 4096 (order: 3, 32768 bytes)
[    0.000000] Memory: 2029992K/2096696K available (8330K kernel code, 1309K rwdata 3992Krrddata, 1008K init, 1316K bss, 67004K resevvdd  0K cma-reserved)
[    0.00000] LU::HHaalin=4, Oder=0-,,MinObjecss0,CCUU==,, Nodss11

[    0.000000] Kernel/User page table  ssolation:eeaalldd
[    0.000000]Hirrrchial RCU implemnntatio..

[    0.000000] 	Build-time adjustment of leaf fanout to 64.
[    0.000000] 	RCU restricting CPUs from NR_CPUS=512 to nr_cpu_ids=1.
[    0.000000] RCU: Adjusting geometry for rcu_fanout_leaf=64, nr_cpu_ids=1
[    0.000000] NR_IRQS:33024 nr_irqs:256 16
[    0.000000] Console: colour VGA+ 80x25
[    0.000000  console[[tt11] enbbeed
[    0.000000] console [ttyS0] nnabled
[    0.00000] tsc: Detecte  4444.26 MHzpprocessor
[   1..607964] Calbbraiigg delay oopp((skipped)ppreeet valu.. 4988.45BBogoMIPS (lpj=976004)
[   10.911166] iid_max: deaault: 32768 minimum: 301
[  11.075818] ACPI: Core revision 20150900
[   11.209632] ACPI: 2 ACPI AML tables successfully acquired and loaded
[   11.224160] Security Framework initialized
[   11.234756] Yama: becoming mindful.
[   11.241421] AppArmor: AppArmor initialized
[   11.251626] Dentry cache hash table entries: 262144 (order: 9, 2097152 bytes)
[   11.326500] Inode-cahe hash table entries: 131772 (order: 8, 104877  byees)

[   11.588477] Mount-ccceehash tall  nntrie::4499  orde::33, 32768 bytes)
[   11881144]]MMounppointcccche has table entrees: 4096 (order: 3, 32768 bytes)
[   12.124083]Inttializingcgroup subsys io
[  12.247922] Initializing cgroup subsys memory
[   12.320165] Initializing cgroup subsys devices
[   12.325450] Initializing cgroup subsys freezer
[   12.340999] Initializing cgroup subsys net_cls
[   12.346893] Initializing cgroup subsys perf_event
[   12.356757] Initializing cgroup subsys net_prio
[   12.363613] Initializing cgroup subsys hugetlb
[   12.372972] Initializing cgroup subsys pids
[   12.376909] CPU: Physical Processor ID: 0
[   12.389897] FEATURE SPEC_CTRL Not Present
[   12.398416] mce: CPU supports 0 MCE banks
[   12.412211] proces:: using mwait in idle threads
[   12.464065] Last level iTLB entries: 4KB 1024, 2MB 1024, 4MB 1024
[   12.478738] Last level dTLB entries: 4KB 1024, 2MB 1024, 4MB 1024, 1GB 4
[   12.497853] Spectre V2 mitigation: Mitigation: Full generic retpoline
[   12.508245] Spectre 22mitiaaiion: Speculatinn contool IBPB not-supporte  BRS not-suppored
[   12.768540] Freeing SMP alternaties memor::332K
[   12.935555  trace:aallocating 32186 entries in 126 pages
[   13.184256] smpboot: APIC(0) Converting physical 0 to logical package 0
[   13.338273] smpboot: Max logical packages: 1
[   13.432671] x2apic enabled
[   13.440180] Switched APIC routing to physical x2apic.
[   13.450834] ..TIMER: vector=0x30 apic1=0 pin1=2 apic2=-1 pin2=-1
[   13.563407] smpboot: CPU0: Intel(R) Core(TM) i7-4870HQ CPU @ 2.50GHz (family: 0x6, model: 0x46, stepping: 0x1)
[   13.879348] Performance Events: unsupported p6 CPU model 70 no PMU driver, software events only.
[   14.204738] KVM setup paravirtual spinlock
[   14.341843] x86: Booted up 1 node, 1 CPUs
[   14.495734] smpboot: Total of 1 processors activated (4988.45 BogoMIPS)
[   14.548237] devtmpfs: initialized
[   14.558983] evm: security.selinux
[   14.571071] evm: security.SMACK64
[   14.574547] evm: security.SMACK64EXEC
[   14.628535] evm: security.SMACK64TRANSMUTE
[   14.760149] evm: security.SMACK64MMAP
[   14.870148] evm: security.ima
[   14.988186] evm: security.capability
[   15.119539] clocksource: jiffies: mask: 0xffffffff max_cycles: 0xffffffff, max_idle_ns: 7645041785100000 ns
[   15.458434] futex hash table entries: 256 (order: 2, 16384 bytes)
[   15.632055] pinctrl core: initialized pinctrl subsystem
[   15.652021] RTC time:  2:52:31, date: 03/21/18
[   15.663022] NET: Registered protocol family 16
[   15.671268] cpuidle: using governor ladder
[   15.682506] cpuidle: using governor menu
[   15.752848] PCCT header not found.
[   15.859920] ACPI: bus type PCI registered
[   16.008184] acpiphp: ACPI Hot Plug PCI Controller Driver version: 0.5
[   16.229624] PCI: Using configuration type 1 for base access
[   16.440629] ACPI: Added _OSI(Module Device)
[   16.606184] ACPI: Added _OSI(Processor Device)
[   16.735154] ACPI: Added _OSI(3.0 _SCP Extensions)
[   16.757033] ACPI: Added _OSI(Processor Aggregator Device)
[   16.766131] ACPI: Executed 1 blocks of module-level executable AML code
[   16.793834] ACPI: Interpreter enabled
[   16.870162] ACPI: (supports S0 S5)
[   16.989781] ACPI: Using IOAPIC for interrupt routing
[   17.109607] PCI: Using host bridge windows from ACPI; if necessary, use "pci=nocrs" and report a bug
[   17.322998] ACPI: PCI Root Bridge [PCI0] (domain 0000 [bus 00-ff])
[   17.526264] acpi PNP0A03:00: _OSC: OS supports [ASPM ClockPM Segments MSI]
[   17.691896] acpi PNP0A03:00: _OSC: not requesting OS control; OS requires [ExtendedConfig ASPM ClockPM MSI]
[   17.843105] acpi PNP0A03:00: fail to add MMCONFIG information, can't access extended PCI configuration space under this bridge.
[   17.884624] PCI host bridge to bus 0000:00
[   17.888901] pci_bus 0000:00: root bus resource [io  0x0000-0x0cf7 window]
[   18.060036] pci_bus 0000:00: root bus resource [io  0x0d00-0xffff window]
[   18.249397] pci_bus 0000:00: root bus resource [mem 0x000a0000-0x000bffff window]
[   18.506120] pci_bus 0000:00: root bus resource [mem 0x80000000-0xfdffffff window]
[   18.769605] pci_bus 0000:00: root bus resource [bus 00-ff]
[   18.930344] pci 0000:00:01.1: legacy IDE quirk: reg 0x10: [io  0x01f0-0x01f7]
[   18.950161] pci 0000:00:01.1: legacy IDE quirk: reg 0x14: [io  0x03f6]
[   18.970422] pci 0000:00:01.1: legacy IDE quirk: reg 0x18: [io  0x0170-0x0177]
[   18.990098] pci 0000:00:01.1: legacy IDE quirk: reg 0x1c: [io  0x0376]
[   19.007482] pci 0000:00:07.0: quirk: [io  0x4000-0x403f] claimed by PIIX4 ACPI
[   19.222461] pci 0000:00:07.0: quirk: [io  0x4100-0x410f] claimed by PIIX4 SMB
[   19.486290] ACPI: PCI Interrupt Link [LNKA] (IRQs 5 9 10 *11)
[   19.679777] ACPI: PCI Interrupt Link [LNKB] (IRQs 5 9 *10 11)
[   19.882807] ACPI: PCI Interrupt Link [LNKC] (IRQs 5 *9 10 11)
[   20.035605] ACPI: PCI Interrupt Link [LNKD] (IRQs 5 9 10 *11)
[   20.052357] ACPI: Enabled 2 GPEs in block 00 to 07
[   20.060815] vgaarb: setting as boot device: PCI:0000:00:02.0
[   20.076276] vgaarb: device added: PCI:0000:00:02.0,decodes=io+mem,owns=io+mem,locks=none
[   20.145586] vgaarb: loaded
[   20.217948] vgaarb: bridge control possible 0000:00:02.0
[   20.360179] SCSI subsystem initialized
[   20.475511] ACPI: bus type USB registered
[   20.569959] usbcore: registered new interface driver usbfs
[   20.571162] usbcore: registered new interface driver hub
[   20.572312] usbcore: registered new device driver usb
[   20.573701] PCI: Using ACPI for IRQ routing
[   20.693991] NetLabel: Initializing
[   20.783892] NetLabel:  domain hash size = 128
[   20.900128] NetLabel:  protocols = UNLABELED CIPSOv4
[   21.048096] NetLabel:  unlabeled traffic allowed by default
[   21.061355] amd_nb: Cannot enumerate AMD northbridges
[   21.062458] clocksource: Switched to clocksource kvm-clock
[   21.070830] AppArmor: AppArmor Filesystem Enabled
[   21.144790] pnp: PnP ACPI init
[   21.161963] pnp: PnP ACPI: found 3 devices
[   21.172095] clocksource: acpi_pm: mask: 0xffffff max_cycles: 0xffffff, max_idle_ns: 2085701024 ns
[   21.218453] NET: Registered protocol family 2
[   21.300935] TCP established hash table entries: 16384 (order: 5, 131072 bytes)
[   21.992400] TCP bind hash table entries: 16384 (order: 6, 262144 bytes)
[   21.820733] TCP: Hash tables configured (established 16384 bind 16384)
[   22.050301] UDP hash table entries: 1024 (order: 3, 32768 bytss)
[   22.231967] UDP-Lite hash table entries: 1024 (order: 3, 32768 bytes)
[   22.263837] NET: Registered protocol family 1
[   22.268819] pci 0000:00:00.0: Limiting direct PCI/PCI transfers
[   22.285532] pci 0000:00:01.0: Activating ISA DMA hang workarounds
[   22.293779] Unpacking initramfs...
[   22.482888] Freeing initrd memory: 15268K
[   22.679529] platform rtc_cmos: registered platform RTC device (no PNP device found)
[   22.919103] Scanning for low memory corruption every 60 seconds
[   23.160145] audit: initializing netlink subsys (disabled)
[   23.313053] audit: type=2000 audit(1521600743.491:1): initialized
[   23.359899] Initialise system trusted keyring
[   23.378157] HugeTLB registered 2 MB page size, pre-allocated 0 pages
[   23.402784] zbud: loaded
[   23.504144] VFS: Disk quotas dquot_6.6.0
[   23.629796] VFS: Dquot-cache hash table entries: 512 (order 0, 4096 bytes)
[   23.879360] tsc: Refined TSC clocksource calibration: 2494.226 MHz
[   24.109295] clocksource: tsc: mask: 0xffffffffffffffff max_cycles: 0x23f3eb3743e, max_idle_ns: 440795257847 ns
[   24.439244] squashfs: version 4.0 (2009/01/31) Phillip Lougher
[   24.459861] fuse init (API version 7.23)
[   24.479004] Key type big_key registered
[   24.483129] Allocating IMA MOK and blacklist keyrings.
[   24.554060] Key type asymmetric registered
[   24.655418] Asymmetric key parser 'x509' registered
[   24.818068] Block layer SCSI generic (bsg) driver version 0.4 loaded (major 249)
[   25.110272] io scheduler noop registered
[   25.250011] io scheduler deadline registered (default)
[   25.452990] io scheduler cfq registered
[   25.544577] pci_hotplug: PCI Hot Plug PCI Core version: 0.5
[   25.560559] pciehp: PCI Express Hot Plug Controller Driver version: 0.4
[   25.568277] ACPI: AC Adapter [AC] (off-line)
[   25.578486] input: Power Button as /devices/LNXSYSTM:00/LNXPWRBN:00/input/input0
[   25.595435] ACPI: Power Button [PWRF]
[   25.596232] input: Sleep Button as /devices/LNXSYSTM:00/LNXSLPBN:00/input/input1
[   25.597616] ACPI: Sleep Button [SLPF]
[   25.599188] ACPI: Battery Slot [BAT0] (battery present)
[   25.606622] GHES: HEST is not enabled!
[   25.759584] Serial: 8250/16550 driver, 32 ports, IRQ sharing enabled
[   26.001587] 00:02: ttyS0 at I/O 0x3f8 (irq = 4, base_baud = 115200) is a 16550A
[   26.270706] Linux agpgart interface v0.103
[   26.410932] loop: module loaded
[   26.472405] scsi host0: ata_piix
[   26.557155] scsi host1: ata_piix
[   26.639512] ata1: PATA max UDMA/33 cmd 0x1f0 ctl 0x3f6 bmdma 0xd000 irq 14
[   26.662434] ata2: PATA max UDMA/33 cmd 0x170 ctl 0x376 bmdma 0xd008 irq 15
[   26.677983] libphy: Fixed MDIO Bus: probed
[   26.689672] tun: Universal TUN/TAP device driver, 1.6
[   26.721937] tun: (C) 1999-2004 Max Krasnyansky <maxk@qualcomm.com>
[   26.882662] PPP generic driver version 2.4.2
[   26.999963] ehci_hcd: USB 2.0 'Enhanced' Host Controller (EHCI) Driver
[   27.239395] ehci-pci: EHCI PCI platform driver
[   27.426343] ehci-platform: EHCI generic platform driver
[   27.565186] ohci_hcd: USB 1.1 'Open' Host Controller (OHCI) Driver
[   27.582157] ohci-pci: OHCI PCI platform driver
[   27.600691] ohci-platform: OHCI generic platform driver
[   27.614278] uhci_hcd: USB Universal Host Controller Interface driver
[   27.615454] i8042: PNP: PS/2 Controller [PNP0303:PS2K,PNP0f03:PS2M] at 0x60,0x64 irq 1,12
[   27.617395] serio: i8042 KBD port at 0x60,0x64 irq 1
[   27.618300] serio: i8042 AUX port at 0x60,0x64 irq 12
[   27.619316] mousedev: PS/2 mouse device common for all mice
[   27.620474] input: AT Translated Set 2 keyboard as /devices/platform/i8042/serio0/input/input2
[   27.622313] rtc_cmos rtc_cmos: rtc core: registered rtc_cmos as rtc0
[   27.623423] rtc_cmos rtc_cmos: alarms up to one day, 114 bytes nvram
[   27.665900] i2c /dev entries driver
[   27.675990] device-mapper: uevent: version 1.0.3
[   27.695008] device-mapper: ioctl: 4.34.0-ioctl (2015-10-28) initialised: dm-devel@redhat.com
[   27.729162] ledtrig-cpu: registered to indicate activity on CPUs
[   27.756579] NET: Registered protocol family 10
[   27.769994] NET: Registered protocol family 17
[   27.780993] Key type dns_resolver registered
[   27.792477] microcode: CPU0 sig=0x40661, pf=0x40, revision=0x0
[   27.919967] microcode: Microcode Update Driver: v2.01 <tigran@aivazian.fsnet.co.uk>, Peter Oruba
[   28.219286] registered taskstats version 1
[   28.359123] Lodding compiled-in X.509 certificates
[   28.540719] Loaded X.509 cert 'Build time autogenerated kernel key: aa84f01984fbd529c005810b59e379d349698248'
[   28.835903] zswap: loaded using pool lzo/zbud
[   28.853659] Key type trusted registered
[   28.864611] Key type encrypted registered
[   28.872306] AppArmor: AppArmor sha1 policy hashing enabled
[   28.893216] ima: No TPM chip found, activating TPM-bypass!
[   28.894220] evm: HMAC attrs: 0x1
[   28.895170]   Magic number: 10:108:865
[   28.990072] rtc_cmos rtc_cmos: setting system clock to 2018-03-21 02:52:45 UTC (1521600765)
[   29.244575] BIOS EDD facility v0.16 2004-Jun-25, 0 devices found
[   29.320558] EDD information not available.
[   29.322454] Freeing unused kernel memory: 1508K
[   29.323447] Write protecting the kernel read-only data: 14336k
[   29.324923] Freeing unused kernel memory: 1700K
[   29.490278] Freeing unused kernel memory: 104K
Loading, please [   29.636146] random: systemd-udevd: uninitialized urandom read (16 bytes read, 4 bits of entropy available)
wait...
startin[   29.949240] random: udevadm: uninitialized urandom read (16 bytes read, 4 bits of entropy available)
g version 229
[   29.985106] random: udevadm: uninitialized urandom read (16 bytes read, 4 bits of entropy available)
[   30.226259] random: udevadm: uninitialized urandom read (16 bytes read, 4 bits of entropy available)
[   30.586573] random: systemd-udevd: uninitialized urandom read (16 bytes read, 4 bits of entropy available)
[   30.939864] random: udevadm: uninitialized urandom read (16 bytes read, 4 bits of entropy available)
[   31.062767] random: systemd-udevd: uninitialized urandom read (16 bytes read, 4 bits of entropy available)
[   31.110166] random: systemd-udevd: uninitialized urandom read (16 bytes read, 4 bits of entropy available)
[   31.398008] random: udevadm: uninitialized urandom read (16 bytes read, 4 bits of entropy available)
[   31.787817] random: systemd-udevd: uninitialized urandom read (16 bytes read, 4 bits of entropy available)
[   32.216598] e1000: Intel(R) PRO/1000 Network Driver - version 7.3.21-k8-NAPI
[   32.525425] e1000: Copyright (c) 1999-2006 Intel Corporation.
[   32.710123] Fusion MPT base driver 3.04.20
[   32.856997] Copyright (c) 1999-2008 LSI Corporation
[   33.097633] AVX2 version of gcm_enc/dec engaged.
[   33.214239] AES CTR mode by8 optimization enabled
[   33.283664] input: ImExPS/2 Generic Explorer Mouse as /devices/platform/i8042/serio1/input/input4
[   33.308141] Fusion MPT SPI Host driver 3.04.20
[   33.841036] e1000 0000:00:03.0 eth0: (PCI:33MHz:32-bit) 02:1f:2a:60:99:e3
[   34.135640] e1000 0000:00:03.0 eth0: Intel(R) PRO/1000 Network Connection
[   34.341767] mptbase: ioc0: Initiating bringup
[   34.410903] ioc0: LSI53C1030 A0: Capabilities={Initiator}
[   34.808476] scsi host2: ioc0: LSI53C1030 A0, FwRev=00000000h, Ports=1, MaxQ=256, IRQ=20
[   35.132880] scsi 2:0:0:0: Direct-Access     VBOX     HARDDISK         1.0  PQ: 0 ANSI: 5
[   35.438788] scsi target2:0:0: Beginning Domain Validation
[   35.524540] scsi target2:0:0: Domain Validation skipping write tests
[   35.769785] scsi target2:0:0: Ending Domain Validation
[   36.183869] scsi target2:0:0: asynchronous
[   36.303415] floppy0: no floppy controllers found
[   36.506410] scsi 2:0:1:0: Direct-Access     VBOX     HARDDISK         1.0  PQ: 0 ANSI: 5
[   36.557284] e1000 0000:00:08.0 eth1: (PCI:33MHz:32-bit) 08:00:27:77:15:b4
[   36.578613] e1000 0000:00:08.0 eth1: Intel(R) PRO/1000 Network Connection
[   36.681851] scsi target2:0:1: Beginning Domain Validation
[   36.950912] e1000 0000:00:08.0 enp0s8: renamed from eth1
[   37.160012] scsi target2:0:1: Domain Validation skipping write tests
[   37.161076] scsi target2:0:1: Ending Domain Validation
[   37.162004] scsi target2:0:1: asynchronous
[   37.163497] e1000 0000:00:03.0 enp0s3: renamed from eth0
[   37.169407] sd 2:0:0:0: Attached scsi generic sg0 type 0
[   37.170375] sd 2:0:0:0: [sda] 20971520 512-byte logical blocks: (10.7 GB/10.0 GiB)
[   37.172149] sd 2:0:1:0: Attached scsi generic sg1 type 0
[   37.173310] sd 2:0:0:0: [sda] Write Protect is off
[   37.174193] sd 2:0:1:0: [sdb] 20480 512-byte logical blocks: (10.5 MB/10.0 MiB)
[   37.316211] sd 2:0:0:0: [sda] Incomplete mode parameter data
[   37.549765] sd 2:0:0:0: [sda] Assuming drive cache: write through
[   37.651938] sd 2:0:1:0: [sdb] Write Protect is off
[   37.664261] sd 2:0:1:0: [sdb] Incomplete mode parameter data
[   37.672397] sd 2:0:1:0: [sdb] Assuming drive cache: write through
[   37.726893]  sda: sda1
[   37.845726] sd 2:0:0:0: [sda] Attached SCSI disk
[   38.027345] sd 2:0:1:0: [sdb] Attached SCSI disk
Begin: Loading e[   39.443074] md: linear personality registered for level -1
ssential drivers[   39.642886] md: multipath personality registered for level -4
 ... [   39.838973] md: raid0 personality registered for level 0
[   39.853280] md: raid1 personality registered for level 1
[   39.948942] raid6: sse2x1   gen() 11236 MB/s
[   40.219788] raid6: sse2x1   xor()  8678 MB/s
[   40.315523] raid6: sse2x2   gen() 14538 MB/s
[   40.549699] raid6: sse2x2   xor() 10636 MB/s
[   40.779666] raid6: sse2x4   gen() 16603 MB/s
[   40.982482] raid6: sse2x4   xor() 10003 MB/s
[   41.059797] raid6: avx2x1   gen() 20331 MB/s
[   41.288703] raid6: avx2x2   gen() 24941 MB/s
[   41.509392] raid6: avx2x4   gen() 26405 MB/s
[   41.681488] raid6: using algorithm avx2x4 gen() 26405 MB/s
[   41.944854] raid6: using avx2x2 recovery algorithm
[   42.044703] xor: automatically using best checksumming function:
[   42.102976]    avx       : 22622.000 MB/sec
[   42.257231] async_tx: api initialized (async)
[   42.450424] md: raid6 personality registered for level 6
[   42.686354] md: raid5 personality registered for level 5
[   42.769706] md: raid4 personality registered for level 4
[   42.791876] md: raid10 personality registered for level 10
done.
Begin: Running /scripts/init-premount ... done.
Begin: Mounting root file system ... Begin: Running /scripts/[   42.836491] Btrfs loaded
local-top ... done.
Begin: Running /scripts/local-premount ... Scanning for Btrfs filesystems
done.
Warning: fsck no[   42.898674] EXT4-fs (sda1): mounted filesystem with ordered data mode. Opts: (null)
t present, so skipping root file system
done.
Begin: Running /scripts/local-bottom ... done.
Begin: Running /scripts/init-bottom ... done.
[   43.151900] systemd[1]: systemd 229 running in system mode. (+PAM +AUDIT +SELINUX +IMA +APPARMOR +SMACK +SYSVINIT +UTMP +LIBCRYPTSETUP +GCRYPT +GNUTLS +ACL +XZ -LZ4 +SECCOMP +BLKID +ELFUTILS +KMOD -IDN)
[   43.320315] systemd[1]: Detected virtualization oracle.
[   43.496259] systemd[1]: Detected architecture x86-64.

Welcome to [1mUbuntu 16.04.3 LTS[0m!

[   43.683533] systemd[1]: Set hostname to <tdd>.
[   43.982677] systemd[1]: Reached target Encrypted Volumes.
[[0;32m  OK  [0m] Reached target Encrypted Volumes.
[   44.200067] systemd[1]: Listening on LVM2 metadata daemon socket.
[[0;32m  OK  [0m] Listening on LVM2 metadata daemon socket.
[   44.275058] systemd[1]: Created slice System Slice.
[[0;32m  OK  [0m] Created slice System Slice.
[   44.293802] systemd[1]: Set up automount Arbitrary Executable File Formats File System Automount Point.
[[0;32m  OK  [0m] Set up automount Arbitrary Executab...ats File System Automount Point.
[   44.297359] systemd[1]: Listening on /dev/initctl Compatibility Named Pipe.
[[0;32m  OK  [0m] Listening on /dev/initctl Compatibility Named Pipe.
[   44.300100] systemd[1]: Reached target User and Group Name Lookups.
[[0;32m  OK  [0m] Reached target User and Group Name Lookups.
[   44.302950] systemd[1]: Created slice system-serial\x2dgetty.slice.
[[0;32m  OK  [0m] Created slice system-serial\x2dgetty.slice.
[   44.467389] systemd[1]: Started Trigger resolvconf update for networkd DNS.
[[0;32m  OK  [0m] Started Trigger resolvconf update for networkd DNS.
[   44.815492] systemd[1]: Listening on Syslog Socket.
[[0;32m  OK  [0m] Listening on Syslog Socket.
[   45.023107] systemd[1]: Listening on Journal Socket (/dev/log).
[[0;32m  OK  [0m] Listening on Journal Socket (/dev/log).
[   45.271616] systemd[1]: Listening on Journal Audit Socket.
[[0;32m  OK  [0m] Listening on Journal Audit Socket.
[   45.370723] systemd[1]: Listening on Device-mapper event daemon FIFOs.
[[0;32m  OK  [0m] Listening on Device-mapper event daemon FIFOs.
[   45.447724] systemd[1]: Reached target Swap.
[[0;32m  OK  [0m] Reached target Swap.
[   45.611553] systemd[1]: Created slice User and Session Slice.
[[0;32m  OK  [0m] Created slice User and Session Slice.
[   45.878840] systemd[1]: Reached target Slices.
[[0;32m  OK  [0m] Reached target Slices.
[   46.075467] systemd[1]: Started Forward Password Requests to Wall Directory Watch.
[[0;32m  OK  [0m] Started Forward Password Requests to Wall Directory Watch.
[   46.378995] systemd[1]: Listening on Journal Socket.
[[0;32m  OK  [0m] Listening on Journal Socket.
[   46.465767] systemd[1]: Starting Remount Root and Kernel File Systems...
         Starting Remount Root and Kernel[   46.495509] EXT4-fs (sda1): re-mounted. Opts: (null)
 File Systems...
[   46.652768] random: nonblocking pool is initialized
[   46.863932] systemd[1]: Saarting Load Kernel Modules...
         [   47.088549] Loading iSCSI transport class v2.0-870.
Starting Load Ke[   47.251786] iscsi: registered transport (tcp)
rnel Modules...
[   47.451022] systemd[1]: Mounting Debug File System...
         [   47.559259] iscsi: registered transport (iser)
Mounting Debug File System...
[   47.583471] systemd[1]: Starting Set console keymap...
         Starting Set console keymap...
[   47.651285] systemd[1]: Mounting Huge Pages File System...
         Mounting Huge Pages File System...
[   47.952292] systemd[1]: Mounting RPC Pipe File System...
         Mounting RPC Pipe File System...
[   48.131935] systemd[1]: Starting Uncomplicated firewall...
         Starting Uncomplicated firewall...
[   48.136529] systemd[1]: Starting Create list of required static device nodes for the current kernel...
[   48.206226] RPC: Registered named UNIX socket transport module.
[   48.237225] RPC: Registered udp transport module.
[   48.248835] RPC: Registered tcp transport module.
[   48.249962] RPC: Registered tcp NFSv4.1 backchannel transport module.
         Starting Create list of required st... nodes for the current kernel...
[   48.500652] systemd[1]: Starting Nameserver information manager...
         Starting Nameserver information manager...
[   48.667520] systemd[1]: Starting Journal Service...
         Starting Journal Service...
[   48.716028] systemd[1]: Mounting POSIX Message Queue File System...
         Mounting POSIX Message Queue File System...
[   49.003085] systemd[1]: Raached target System Time Synchronized.
[[0;32m  OK  [0m] Reached target System Time Synchronized.
[   49.291606] systemd[1]: Listening on udev Control Socket.
[[0;32m  OK  [0m] Listening on udev Control Socket.
[   49.475175] systemd[1]: Liseening on LVM2 poll daemon socket.
[[0;32m  OK  [0m] Listening on LVM2 poll daemon socket.
[   49.767503] systemd[1]: Starting Monitoring of LVM2 mirrors, snapshots etc. using dmeventd or progress polling...
         Starting Monitoring of LVM2 mirrors... dmeventd or progress polling...
[   49.793609] systemd[1]: Listening on udev Kernel Socket.
[[0;32m  OK  [0m] Listening on udev Kernel Socket.
[   49.799205] systemd[1]: Mounted RPC Pipe File System.
[[0;32m  OK  [0m] Mounted RPC Pipe File System.
[   49.835227] systemd[1]: Mounted Huge Pages File System.
[[0;32m  OK  [0m] Mounted Huge Pages File System.
[   50.123463] systemd[1]: Mounted Debug File System.
[[0;32m  OK  [0m] Mounted Debug File System.
[   50.287383] systemd[1]: Mounted POSIX Message Queue File System.
[[0;32m  OK  [0m] Mounted POSIX Message Queue File System.
[   00.579724] systemd[1]: Started Journal Service.
[[0;32m  OK  [0m] Started Journal Service.
[[0;32m  OK  [0m] Started Remount Root and Kernel File Systems.
[[0;32m  OK  [0m] Started Load Kernel Modules.
[[0;32m  OK  [0m] Started Set console keymap.
[[0;32m  OK  [0m] Started Uncomplicated firewall.
[[0;32m  OK  [0m] Started Create list of required sta...ce nodes for the current kernel.
[[0;32m  OK  [0m] Started Nameserver information manager.
[[0;32m  OK  [0m] Started LVM2 metadata daemon.
         Starting Create Static Device Nodes in /dev...
         Mounting FUSE Control File System...
         Starting Apply Kernel Variables...
         Starting udev Coldplug all Devices...
         Starting Load/Save Random Seed...
         Starting Initial cloud-init job (pre-networking)...
         Starting Flush Journal to Persistent Storage...
[[0;32m  OK  [0m] Mounted FUSE Control File System.
[[0;32m  OK  [0m] Started Monitoring of LVM2 mirrors,...ng dmeventd or progress polling.
[[0;32m  OK  [0m] Started Create Static Device Nodes in /dev.
[[0;32m  OK  [0m] Started Apply Kernel Variables.
[[0;32m  OK  [0m] Started Load/Save Random Seed.
[[0;32m  OK  [0m] Started udev Coldplug all Devices.
[[0;32m  OK  [0m] Started Flush Journal to Persistent Storage.
         Starting udev Kernel Device Manager...
[[0;32m  OK  [0m] Started udev Kernel Device Manager.
[[0;32m  OK  [0m] Started Dispatch Password Requests to Console Directory Watch.
[[0;32m  OK  [0m] Reached target Local File Systems (Pre).
[[0;32m  OK  [0m] Reached target Local File Systems.
         Starting Tell Plymouth To Write Out Runtime Data...
         Starting Preprocess NFS configuration...
         Starting LSB: AppArmor initialization...
         Starting Set console font and keymap...
         Starting Create Volatile Files and Directories...
[[0;32m  OK  [0m] Started Tell Plymouth To Write Out Runtime Data.
[[0;32m  OK  [0m] Started Preprocess NFS configuration.
[[0;32m  OK  [0m] Started Create Volatile Files and Directories.
[[0;32m  OK  [0m] Started Initial cloud-init job (pre-networking).
[   31.936001] cloud-init[468]: Cloud-init v. 17.1 running 'init-local' at Wed, 21 Mar 2018 02:53:08 +0000. Up 31.42 seconds.
[[0;32m  OK  [0m] Found device /dev/ttyS0.
[[0;32m  OK  [0m] Started LSB: AppArmor initialization.
[[0;32m  OK  [0m] Started Set console font and keymap.
[[0;32m  OK  [0m] Listening on Load/Save RF Kill Switch Status /dev/rfkill Watch.
[[0;32m  OK  [0m] Created slice system-getty.slice.
[[0;32m  OK  [0m] Reached target Network (Pre).
         Starting Raise network interfaces...
[[0;32m  OK  [0m] Started ifup for enp0s8.
[[0;32m  OK  [0m] Started ifup for enp0s3.
         Starting Update UTMP about System Boot/Shutdown...
[[0;32m  OK  [0m] Reached target NFS client services.
[[0;32m  OK  [0m] Found device 82540EM Gigabit Ethern...r (PRO/1000 MT Desktop Adapter).
[[0;32m  OK  [0m] Found device 82540EM Gigabit Ethern...r (PRO/1000 MT Desktop Adapter).
[[0;32m  OK  [0m] Started Update UTMP about System Boot/Shutdown.
[[0;32m  OK  [0m] Started Raise network interfaces.
[[0;32m  OK  [0m] Reached target Network.
         Starting Initial cloud-init job (metadata service crawler)...
[   35.274855] cloud-init[1071]: Cloud-init v. 17.1 running 'init' at Wed, 21 Mar 2018 02:53:11 +0000. Up 35.01 seconds.
[   35.409301] cloud-init[1071]: ci-info: ++++++++++++++++++++++++++++++++++++++Net device info++++++++++++++++++++++++++++++++++++++
[[0;32m  OK  [0m] Started Initial cloud-init job (metadata service crawler).
[   35.535857] cloud-init[1071]: ci-info: +--------+------+-----------------------------+---------------+-------+-------------------+
[   35.728842] cloud-init[1071]: ci-info: | Device |  Up  |           Address           |      Mask     | Scope |     Hw-Address    |
[   35.828724] cloud-init[1071]: ci-info: +--------+------+-----------------------------+---------------+-------+-------------------+
[   35.894384] cloud-init[1071]: ci-info: | enp0s3 | True |          10.0.2.15          | 255.255.255.0 |   .   | 02:1f:2a:60:99:e3 |
[[0;32m  OK  [0m] Reached target System Initialization.
         Starting Socket activation for snappy daemon.
[   35.926521] cloud-init[1071]: ci-info: | enp0s3 | True |  fe80::1f:2aff:fe60:99e3/64 |       .       |  link | 02:1f:2a:60:99:e3 |
[   36.105719] cloud-init[1071]: ci-info: | enp0s8 | True |       192.168.111.222       | 255.255.255.0 |   .   | 08:00:27:77:15:b4 |
[[   36.232381] cloud-init[1071]: ci-info: | enp0s8 | True | fe80::a00:27ff:fe77:15b4/64 |       .       |  link | 08:00:27:77:15:b4 |
[   36.232792] cloud-init[1071]: ci-info: |   lo   | True |          127.0.0.1          |   255.0.0.0   |   .   |         .         |
[   36.232865] cloud-init[1071]: ci-info: |   lo   | True |           ::1/128           |       .       |  host |         .         |
[   36.232933] cloud-init[1071]: ci-info: +--------+------+-----------------------------+---------------+-------+-------------------+
[   36.232999] cloud-init[1071]: ci-info: ++++++++++++++++++++++++++++Route IPv4 info+++++++++++++++++++++++++++++
[   36.233067] cloud-init[1071]: ci-info: +-------+---------------+----------+---------------+-----------+-------+
[   36.233135] cloud-init[1071]: ci-info: | Route |  Destination  | Gateway  |    Genmask    | Interface | Flags |
[   36.233212] cloud-init[1071]: ci-info: +-------+---------------+----------+---------------+-----------+-------+
[   36.233279] cloud-init[1071]: ci-info: |   0   |    0.0.0.0    | 10.0.2.2 |    0.0.0.0    |   enp0s3  |   UG  |
[   36.233347] cloud-init[1071]: ci-info: |   1   |    10.0.2.0   | 0.0.0.0  | 255.255.255.0 |   enp0s3  |   U   |
[   36.233414] cloud-init[1071]: ci-info: |   2   | 192.168.111.0 | 0.0.0.0  | 255.255.255.0 |   enp0s8  |   U   |
[   36.233480] cloud-init[1071]: ci-info: +-------+---------------+----------+---------------+-----------+-------+
[0;32m  OK  [0m] Started ACPI Events Check.
[[0;32m  OK  [0m] Reached target Paths.
         Starting LXD - unix socket.
[[0;32m  OK  [0m] Listening on UUID daemon activation socket.
[[0;32m  OK  [0m] Listening on D-Bus System Message Bus Socket.
[[0;32m  OK  [0m] Started Daily Cleanup of Temporary Directories.
[[0;32m  OK  [0m] Started Timer to automatically refresh installed snaps.
[[0;32m  OK  [0m] Listening on ACPID Listen Socket.
[[0;32m  OK  [0m] Listening on RPCbind Server Activation Socket.
[[0;32m  OK  [0m] Reached target Cloud-config availability.
[[0;32m  OK  [0m] Reached target Network is Online.
         Starting iSCSI initiator daemon (iscsid)...
[[0;32m  OK  [0m] Started Daily apt download activities.
[[0;32m  OK  [0m] Started Daily apt upgrade and clean activities.
[[0;32m  OK  [0m] Reached target Timers.
[[0;32m  OK  [0m] Listening on Socket activation for snappy daemon.
[[0;32m  OK  [0m] Listening on LXD - unix socket.
[[0;32m  OK  [0m] Started iSCSI initiator daemon (iscsid).
         Starting Login to default iSCSI targets...
[[0;32m  OK  [0m] Reached target Sockets.
[[0;32m  OK  [0m] Reached target Basic System.
         Starting LXD - container startup/shutdown...
         Starting vboxadd.service...
[[0;32m  OK  [0m] Started Deferred execution scheduler.
[[0;32m  OK  [0m] Started FUSE filesystem for LXC.
[[0;32m  OK  [0m] Started Unattended Upgrades Shutdown.
         Starting Accounts Service...
         Starting LSB: Record successful boot for GRUB...
[[0;32m  OK  [0m] Started ACPI event daemon.
         Starting System Logging Service...
[[0;32m  OK  [0m] Started High-performance, schema-free document-oriented database.
         Starting /etc/rc.local Compatibility...
         Starting Apply the settings specified in cloud-config...
         Starting OpenBSD Secure Shell server...
[[0;32m  OK  [0m] Started Regular background program processing daemon.
         Starting Login Service...
[[0;32m  OK  [0m] Started D-Bus System Message Bus.
         Starting LSB: MD monitoring daemon...
         Starting Snappy daemon...
[[0;32m  OK  [0m] Started System Logging Service.
[[0;32m  OK  [0m] Started OpenBSD Secure Shell server.
[[0;32m  OK  [0m] Started LXD - container startup/shutdown.
[[0;32m  OK  [0m] Started /etc/rc.local Compatibility.
[[0;32m  OK  [0m] Started Login to default iSCSI targets.
[[0;32m  OK  [0m] Started LSB: Record successful boot for GRUB.
[[0;32m  OK  [0m] Started vboxadd.service.
[[0;32m  OK  [0m] Started Snappy daemon.
[[0;32m  OK  [0m] Started LSB: MD monitoring daemon.
[[0;32m  OK  [0m] Started Login Service.
         Starting Authenticate and Authorize Users to Run Privileged Tasks...
         Starting vboxadd-service.service...
[[0;32m  OK  [0m] Reached target Remote File Systems (Pre).
[[0;32m  OK  [0m] Reached target Remote File Systems.
         Starting LSB: automatic crash report generation...
         Starting LSB: Set the CPU Frequency Scaling governor to "ondemand"...
         Starting LSB: daemon to balance interrupts for SMP systems...
         Starting Permit User Sessions...
[[0;1;31mFAILED[0m] Failed to start vboxadd-service.service.
See 'systemctl status vboxadd-service.service' for details.
[[0;32m  OK  [0m] Started Apply the settings specified in cloud-config.
[   39.096820] cloud-init[1180]: Cloud-init v. 17.1 running 'modules:config' at Wed, 21 Mar 2018 02:53:15 +0000. Up 38.93 seconds.
[[0;32m  OK  [0m] Started Permit User Sessions.
[[0;32m  OK  [0m] Started Authenticate and Authorize Users to Run Privileged Tasks.
[[0;32m  OK  [0m] Started Accounts Service.
[[0;32m  OK  [0m] Started LSB: Set the CPU Frequency Scaling governor to "ondemand".
[[0;32m  OK  [0m] Started LSB: automatic crash report generation.
[[0;32m  OK  [0m] Created slice User Slice of vagrant.
[[0;32m  OK  [0m] Started Session 1 of user vagrant.
         Starting User Manager for UID 1000...
         Starting Hold until boot process finishes up...
         Starting Terminate Plymouth Boot Screen...
[[0;32m  OK  [0m] Started User Manager for UID 1000.
[[0;32m  OK  [0m] Started LSB: daemon to balance interrupts for SMP systems.
[[0;32m  OK  [0m] Started Hold until boot process finishes up.
[[0;32m  OK  [0m] Started Terminate Plymouth Boot Screen.
[[0;32m  OK  [0m] Started Getty on tty1.
         Starting Set console scheme...
[[0;32m  OK  [0m] Started Serial Getty on ttyS0.
[[0;32m  OK  [0m] Reached target Login Prompts.
[[0;32m  OK  [0m] Reached target Multi-User System.
         Starting Execute cloud user/final scripts...
[[0;32m  OK  [0m] Reached target Graphical Interface.
         Starting Update UTMP about System Runlevel Changes...
[[0;32m  OK  [0m] Started Set console scheme.
[[0;32m  OK  [0m] Started Update UTMP about System Runlevel Changes.
[   40.758089] cloud-init[1349]: Cloud-init v. 17.1 running 'modules:final' at Wed, 21 Mar 2018 02:53:17 +0000. Up 40.54 seconds.
[   40.786056] cloud-init[1349]: Cloud-init v. 17.1 finished at Wed, 21 Mar 2018 02:53:17 +0000. Datasource DataSourceNoCloud [seed=/dev/sdb][dsmode=net].  Up 40.74 seconds
[[0;32m  OK  [0m] Started Execute cloud user/final scripts.
[[0;32m  OK  [0m] Reached target Cloud-init target.

Ubuntu 16.04.3 LTS tdd ttyS0

tdd login: 